2025-01-23T00:04:35.029+08:00  INFO 104664 --- [restart_live_backend] [http-nio-10000-exec-7] o.c.live.interceptor.TokenInterceptor    : token: eyJhbGciOiJIUzI1NiJ9.eyJzdWIiOiJ0ZXN0IiwiaWF0IjoxNzM3NTYxMzc2LCJleHAiOjE3Mzg4NTczNzYsInBhc3N3b3JkIjoiYTk0YThmZTVjY2IxOWJhNjFjNGMwODczZDM5MWU5ODc5ODJmYmJkMyJ9.SbKc-LBS-E71t2qaKE5a6FAK5YcQbe1S_2XMYIUU8MY
2025-01-23T00:06:05.382+08:00  INFO 104664 --- [restart_live_backend] [SpringApplicationShutdownHook] o.s.b.w.e.tomcat.GracefulShutdown        : Commencing graceful shutdown. Waiting for active requests to complete
2025-01-23T00:06:05.390+08:00  INFO 104664 --- [restart_live_backend] [tomcat-shutdown] o.s.b.w.e.tomcat.GracefulShutdown        : Graceful shutdown complete
2025-01-23T00:06:05.393+08:00  INFO 104664 --- [restart_live_backend] [SpringApplicationShutdownHook] com.zaxxer.hikari.HikariDataSource       : HikariPool-1 - Shutdown initiated...
2025-01-23T00:06:05.395+08:00  INFO 104664 --- [restart_live_backend] [SpringApplicationShutdownHook] com.zaxxer.hikari.HikariDataSource       : HikariPool-1 - Shutdown completed.
2025-01-23T00:06:07.647+08:00  INFO 106440 --- [restart_live_backend] [main] o.c.live.RestartLiveBackendApplication   : Starting RestartLiveBackendApplication using Java 23.0.1 with PID 106440 (E:\code\restart_live\restart_live_backend\target\classes started by Capkin in E:\code\restart_live\restart_live_backend)
2025-01-23T00:06:07.649+08:00  INFO 106440 --- [restart_live_backend] [main] o.c.live.RestartLiveBackendApplication   : No active profile set, falling back to 1 default profile: "default"
2025-01-23T00:06:08.164+08:00  INFO 106440 --- [restart_live_backend] [main] o.s.b.w.embedded.tomcat.TomcatWebServer  : Tomcat initialized with port 10000 (http)
2025-01-23T00:06:08.172+08:00  INFO 106440 --- [restart_live_backend] [main] o.apache.catalina.core.StandardService   : Starting service [Tomcat]
2025-01-23T00:06:08.172+08:00  INFO 106440 --- [restart_live_backend] [main] o.apache.catalina.core.StandardEngine    : Starting Servlet engine: [Apache Tomcat/10.1.34]
2025-01-23T00:06:08.195+08:00  INFO 106440 --- [restart_live_backend] [main] o.a.c.c.C.[Tomcat].[localhost].[/]       : Initializing Spring embedded WebApplicationContext
2025-01-23T00:06:08.196+08:00  INFO 106440 --- [restart_live_backend] [main] w.s.c.ServletWebServerApplicationContext : Root WebApplicationContext: initialization completed in 514 ms
2025-01-23T00:06:08.663+08:00  INFO 106440 --- [restart_live_backend] [main] o.s.b.w.embedded.tomcat.TomcatWebServer  : Tomcat started on port 10000 (http) with context path '/'
2025-01-23T00:06:08.667+08:00  INFO 106440 --- [restart_live_backend] [main] o.c.live.RestartLiveBackendApplication   : Started RestartLiveBackendApplication in 1.243 seconds (process running for 1.546)
2025-01-23T00:06:12.287+08:00  INFO 106440 --- [restart_live_backend] [http-nio-10000-exec-1] o.a.c.c.C.[Tomcat].[localhost].[/]       : Initializing Spring DispatcherServlet 'dispatcherServlet'
2025-01-23T00:06:12.287+08:00  INFO 106440 --- [restart_live_backend] [http-nio-10000-exec-1] o.s.web.servlet.DispatcherServlet        : Initializing Servlet 'dispatcherServlet'
2025-01-23T00:06:12.288+08:00  INFO 106440 --- [restart_live_backend] [http-nio-10000-exec-1] o.s.web.servlet.DispatcherServlet        : Completed initialization in 0 ms
2025-01-23T00:06:12.305+08:00  INFO 106440 --- [restart_live_backend] [http-nio-10000-exec-1] o.c.live.interceptor.TokenInterceptor    : token: eyJhbGciOiJIUzI1NiJ9.eyJzdWIiOiJ0ZXN0IiwiaWF0IjoxNzM3NTYxMzc2LCJleHAiOjE3Mzg4NTczNzYsInBhc3N3b3JkIjoiYTk0YThmZTVjY2IxOWJhNjFjNGMwODczZDM5MWU5ODc5ODJmYmJkMyJ9.SbKc-LBS-E71t2qaKE5a6FAK5YcQbe1S_2XMYIUU8MY
2025-01-23T00:06:22.471+08:00  INFO 106440 --- [restart_live_backend] [http-nio-10000-exec-2] com.zaxxer.hikari.HikariDataSource       : HikariPool-1 - Starting...
2025-01-23T00:06:22.738+08:00  INFO 106440 --- [restart_live_backend] [http-nio-10000-exec-2] com.zaxxer.hikari.pool.HikariPool        : HikariPool-1 - Added connection org.postgresql.jdbc.PgConnection@60d84f25
2025-01-23T00:06:22.738+08:00  INFO 106440 --- [restart_live_backend] [http-nio-10000-exec-2] com.zaxxer.hikari.HikariDataSource       : HikariPool-1 - Start completed.
2025-01-23T00:06:22.873+08:00  INFO 106440 --- [restart_live_backend] [http-nio-10000-exec-3] o.c.live.interceptor.TokenInterceptor    : token: eyJhbGciOiJIUzI1NiJ9.eyJzdWIiOiJ0ZXN0IiwiaWF0IjoxNzM3NTYxOTgyLCJleHAiOjE3Mzg4NTc5ODIsInBhc3N3b3JkIjoiYTk0YThmZTVjY2IxOWJhNjFjNGMwODczZDM5MWU5ODc5ODJmYmJkMyJ9.zxTLz95HWGX00mfJlZssDXJG4Dg7-58Ibb3QgEycWQE
2025-01-23T00:06:22.909+08:00  INFO 106440 --- [restart_live_backend] [http-nio-10000-exec-3] o.c.live.service.impl.UsersServiceImpl   : getUserConfig: Config{id=eeac354a-8083-461c-bab5-aadca1e8c250, uid=db4af791-2137-4b1c-8729-68b9ed4660d6, topBgImg='null', topBgIcon='null'}
2025-01-23T00:08:04.474+08:00  INFO 106440 --- [restart_live_backend] [SpringApplicationShutdownHook] o.s.b.w.e.tomcat.GracefulShutdown        : Commencing graceful shutdown. Waiting for active requests to complete
2025-01-23T00:08:04.483+08:00  INFO 106440 --- [restart_live_backend] [tomcat-shutdown] o.s.b.w.e.tomcat.GracefulShutdown        : Graceful shutdown complete
2025-01-23T00:08:04.486+08:00  INFO 106440 --- [restart_live_backend] [SpringApplicationShutdownHook] com.zaxxer.hikari.HikariDataSource       : HikariPool-1 - Shutdown initiated...
2025-01-23T00:08:04.487+08:00  INFO 106440 --- [restart_live_backend] [SpringApplicationShutdownHook] com.zaxxer.hikari.HikariDataSource       : HikariPool-1 - Shutdown completed.
2025-01-23T00:08:05.783+08:00  INFO 105760 --- [restart_live_backend] [main] o.c.live.RestartLiveBackendApplication   : Starting RestartLiveBackendApplication using Java 23.0.1 with PID 105760 (E:\code\restart_live\restart_live_backend\target\classes started by Capkin in E:\code\restart_live\restart_live_backend)
2025-01-23T00:08:05.784+08:00  INFO 105760 --- [restart_live_backend] [main] o.c.live.RestartLiveBackendApplication   : No active profile set, falling back to 1 default profile: "default"
2025-01-23T00:08:06.329+08:00  INFO 105760 --- [restart_live_backend] [main] o.s.b.w.embedded.tomcat.TomcatWebServer  : Tomcat initialized with port 10000 (http)
2025-01-23T00:08:06.337+08:00  INFO 105760 --- [restart_live_backend] [main] o.apache.catalina.core.StandardService   : Starting service [Tomcat]
2025-01-23T00:08:06.337+08:00  INFO 105760 --- [restart_live_backend] [main] o.apache.catalina.core.StandardEngine    : Starting Servlet engine: [Apache Tomcat/10.1.34]
2025-01-23T00:08:06.366+08:00  INFO 105760 --- [restart_live_backend] [main] o.a.c.c.C.[Tomcat].[localhost].[/]       : Initializing Spring embedded WebApplicationContext
2025-01-23T00:08:06.366+08:00  INFO 105760 --- [restart_live_backend] [main] w.s.c.ServletWebServerApplicationContext : Root WebApplicationContext: initialization completed in 552 ms
2025-01-23T00:08:06.835+08:00  INFO 105760 --- [restart_live_backend] [main] o.s.b.w.embedded.tomcat.TomcatWebServer  : Tomcat started on port 10000 (http) with context path '/'
2025-01-23T00:08:06.839+08:00  INFO 105760 --- [restart_live_backend] [main] o.c.live.RestartLiveBackendApplication   : Started RestartLiveBackendApplication in 1.272 seconds (process running for 1.633)
2025-01-23T00:08:22.240+08:00  INFO 105760 --- [restart_live_backend] [http-nio-10000-exec-1] o.a.c.c.C.[Tomcat].[localhost].[/]       : Initializing Spring DispatcherServlet 'dispatcherServlet'
2025-01-23T00:08:22.240+08:00  INFO 105760 --- [restart_live_backend] [http-nio-10000-exec-1] o.s.web.servlet.DispatcherServlet        : Initializing Servlet 'dispatcherServlet'
2025-01-23T00:08:22.240+08:00  INFO 105760 --- [restart_live_backend] [http-nio-10000-exec-1] o.s.web.servlet.DispatcherServlet        : Completed initialization in 0 ms
2025-01-23T00:08:22.307+08:00  INFO 105760 --- [restart_live_backend] [http-nio-10000-exec-1] com.zaxxer.hikari.HikariDataSource       : HikariPool-1 - Starting...
2025-01-23T00:08:22.574+08:00  INFO 105760 --- [restart_live_backend] [http-nio-10000-exec-1] com.zaxxer.hikari.pool.HikariPool        : HikariPool-1 - Added connection org.postgresql.jdbc.PgConnection@76344911
2025-01-23T00:08:22.575+08:00  INFO 105760 --- [restart_live_backend] [http-nio-10000-exec-1] com.zaxxer.hikari.HikariDataSource       : HikariPool-1 - Start completed.
2025-01-23T00:08:22.716+08:00  INFO 105760 --- [restart_live_backend] [http-nio-10000-exec-2] o.c.live.interceptor.TokenInterceptor    : token: eyJhbGciOiJIUzI1NiJ9.eyJzdWIiOiJ0ZXN0IiwiaWF0IjoxNzM3NTYyMTAyLCJleHAiOjE3Mzg4NTgxMDIsInBhc3N3b3JkIjoiYTk0YThmZTVjY2IxOWJhNjFjNGMwODczZDM5MWU5ODc5ODJmYmJkMyJ9.7dxoyllaImZKW4DbeRMTkU-RglGBwkYwgqydLpyLwJQ
2025-01-23T00:08:22.770+08:00  INFO 105760 --- [restart_live_backend] [http-nio-10000-exec-2] o.c.live.service.impl.UsersServiceImpl   : getUserConfig: Config{id=eeac354a-8083-461c-bab5-aadca1e8c250, uid=db4af791-2137-4b1c-8729-68b9ed4660d6, topBgImg='null', topBgIcon='null'}
2025-01-23T00:12:40.479+08:00  INFO 105760 --- [restart_live_backend] [SpringApplicationShutdownHook] o.s.b.w.e.tomcat.GracefulShutdown        : Commencing graceful shutdown. Waiting for active requests to complete
2025-01-23T00:12:40.488+08:00  INFO 105760 --- [restart_live_backend] [tomcat-shutdown] o.s.b.w.e.tomcat.GracefulShutdown        : Graceful shutdown complete
2025-01-23T00:12:40.490+08:00  INFO 105760 --- [restart_live_backend] [SpringApplicationShutdownHook] com.zaxxer.hikari.HikariDataSource       : HikariPool-1 - Shutdown initiated...
2025-01-23T00:12:40.492+08:00  INFO 105760 --- [restart_live_backend] [SpringApplicationShutdownHook] com.zaxxer.hikari.HikariDataSource       : HikariPool-1 - Shutdown completed.
2025-01-23T00:12:41.808+08:00  INFO 106732 --- [restart_live_backend] [main] o.c.live.RestartLiveBackendApplication   : Starting RestartLiveBackendApplication using Java 23.0.1 with PID 106732 (E:\code\restart_live\restart_live_backend\target\classes started by Capkin in E:\code\restart_live\restart_live_backend)
2025-01-23T00:12:41.809+08:00  INFO 106732 --- [restart_live_backend] [main] o.c.live.RestartLiveBackendApplication   : No active profile set, falling back to 1 default profile: "default"
2025-01-23T00:12:42.296+08:00  INFO 106732 --- [restart_live_backend] [main] o.s.b.w.embedded.tomcat.TomcatWebServer  : Tomcat initialized with port 10000 (http)
2025-01-23T00:12:42.303+08:00  INFO 106732 --- [restart_live_backend] [main] o.apache.catalina.core.StandardService   : Starting service [Tomcat]
2025-01-23T00:12:42.303+08:00  INFO 106732 --- [restart_live_backend] [main] o.apache.catalina.core.StandardEngine    : Starting Servlet engine: [Apache Tomcat/10.1.34]
2025-01-23T00:12:42.325+08:00  INFO 106732 --- [restart_live_backend] [main] o.a.c.c.C.[Tomcat].[localhost].[/]       : Initializing Spring embedded WebApplicationContext
2025-01-23T00:12:42.325+08:00  INFO 106732 --- [restart_live_backend] [main] w.s.c.ServletWebServerApplicationContext : Root WebApplicationContext: initialization completed in 487 ms
2025-01-23T00:12:42.764+08:00  INFO 106732 --- [restart_live_backend] [main] o.s.b.w.embedded.tomcat.TomcatWebServer  : Tomcat started on port 10000 (http) with context path '/'
2025-01-23T00:12:42.768+08:00  INFO 106732 --- [restart_live_backend] [main] o.c.live.RestartLiveBackendApplication   : Started RestartLiveBackendApplication in 1.184 seconds (process running for 1.531)
2025-01-23T00:12:53.788+08:00  INFO 106732 --- [restart_live_backend] [http-nio-10000-exec-1] o.a.c.c.C.[Tomcat].[localhost].[/]       : Initializing Spring DispatcherServlet 'dispatcherServlet'
2025-01-23T00:12:53.788+08:00  INFO 106732 --- [restart_live_backend] [http-nio-10000-exec-1] o.s.web.servlet.DispatcherServlet        : Initializing Servlet 'dispatcherServlet'
2025-01-23T00:12:53.789+08:00  INFO 106732 --- [restart_live_backend] [http-nio-10000-exec-1] o.s.web.servlet.DispatcherServlet        : Completed initialization in 1 ms
2025-01-23T00:12:53.850+08:00  INFO 106732 --- [restart_live_backend] [http-nio-10000-exec-1] com.zaxxer.hikari.HikariDataSource       : HikariPool-1 - Starting...
2025-01-23T00:12:54.129+08:00  INFO 106732 --- [restart_live_backend] [http-nio-10000-exec-1] com.zaxxer.hikari.pool.HikariPool        : HikariPool-1 - Added connection org.postgresql.jdbc.PgConnection@43954212
2025-01-23T00:12:54.130+08:00  INFO 106732 --- [restart_live_backend] [http-nio-10000-exec-1] com.zaxxer.hikari.HikariDataSource       : HikariPool-1 - Start completed.
2025-01-23T00:12:54.269+08:00  INFO 106732 --- [restart_live_backend] [http-nio-10000-exec-2] o.c.live.interceptor.TokenInterceptor    : token: eyJhbGciOiJIUzI1NiJ9.eyJzdWIiOiJ0ZXN0IiwiaWF0IjoxNzM3NTYyMzc0LCJleHAiOjE3Mzg4NTgzNzQsInBhc3N3b3JkIjoiYTk0YThmZTVjY2IxOWJhNjFjNGMwODczZDM5MWU5ODc5ODJmYmJkMyJ9.IWmcIc_npKVayOaPeEJo3TnooL2o9LJHN404toC2r6w
2025-01-23T00:12:54.325+08:00  INFO 106732 --- [restart_live_backend] [http-nio-10000-exec-2] o.c.live.service.impl.UsersServiceImpl   : getUserConfig: Config{id=eeac354a-8083-461c-bab5-aadca1e8c250, uid=db4af791-2137-4b1c-8729-68b9ed4660d6, topBgImg='null', topBgIcon='null'}
2025-01-23T00:20:27.562+08:00  INFO 106732 --- [restart_live_backend] [SpringApplicationShutdownHook] o.s.b.w.e.tomcat.GracefulShutdown        : Commencing graceful shutdown. Waiting for active requests to complete
2025-01-23T00:20:27.571+08:00  INFO 106732 --- [restart_live_backend] [tomcat-shutdown] o.s.b.w.e.tomcat.GracefulShutdown        : Graceful shutdown complete
2025-01-23T00:20:27.574+08:00  INFO 106732 --- [restart_live_backend] [SpringApplicationShutdownHook] com.zaxxer.hikari.HikariDataSource       : HikariPool-1 - Shutdown initiated...
2025-01-23T00:20:27.575+08:00  INFO 106732 --- [restart_live_backend] [SpringApplicationShutdownHook] com.zaxxer.hikari.HikariDataSource       : HikariPool-1 - Shutdown completed.
2025-01-23T00:20:28.868+08:00  INFO 102560 --- [restart_live_backend] [main] o.c.live.RestartLiveBackendApplication   : Starting RestartLiveBackendApplication using Java 23.0.1 with PID 102560 (E:\code\restart_live\restart_live_backend\target\classes started by Capkin in E:\code\restart_live\restart_live_backend)
2025-01-23T00:20:28.869+08:00  INFO 102560 --- [restart_live_backend] [main] o.c.live.RestartLiveBackendApplication   : No active profile set, falling back to 1 default profile: "default"
2025-01-23T00:20:29.343+08:00  INFO 102560 --- [restart_live_backend] [main] o.s.b.w.embedded.tomcat.TomcatWebServer  : Tomcat initialized with port 10000 (http)
2025-01-23T00:20:29.350+08:00  INFO 102560 --- [restart_live_backend] [main] o.apache.catalina.core.StandardService   : Starting service [Tomcat]
2025-01-23T00:20:29.350+08:00  INFO 102560 --- [restart_live_backend] [main] o.apache.catalina.core.StandardEngine    : Starting Servlet engine: [Apache Tomcat/10.1.34]
2025-01-23T00:20:29.374+08:00  INFO 102560 --- [restart_live_backend] [main] o.a.c.c.C.[Tomcat].[localhost].[/]       : Initializing Spring embedded WebApplicationContext
2025-01-23T00:20:29.374+08:00  INFO 102560 --- [restart_live_backend] [main] w.s.c.ServletWebServerApplicationContext : Root WebApplicationContext: initialization completed in 477 ms
2025-01-23T00:20:29.814+08:00  INFO 102560 --- [restart_live_backend] [main] o.s.b.w.embedded.tomcat.TomcatWebServer  : Tomcat started on port 10000 (http) with context path '/'
2025-01-23T00:20:29.818+08:00  INFO 102560 --- [restart_live_backend] [main] o.c.live.RestartLiveBackendApplication   : Started RestartLiveBackendApplication in 1.156 seconds (process running for 1.472)
2025-01-23T00:20:34.717+08:00  INFO 102560 --- [restart_live_backend] [http-nio-10000-exec-1] o.a.c.c.C.[Tomcat].[localhost].[/]       : Initializing Spring DispatcherServlet 'dispatcherServlet'
2025-01-23T00:20:34.717+08:00  INFO 102560 --- [restart_live_backend] [http-nio-10000-exec-1] o.s.web.servlet.DispatcherServlet        : Initializing Servlet 'dispatcherServlet'
2025-01-23T00:20:34.718+08:00  INFO 102560 --- [restart_live_backend] [http-nio-10000-exec-1] o.s.web.servlet.DispatcherServlet        : Completed initialization in 1 ms
2025-01-23T00:20:34.780+08:00  INFO 102560 --- [restart_live_backend] [http-nio-10000-exec-1] com.zaxxer.hikari.HikariDataSource       : HikariPool-1 - Starting...
2025-01-23T00:20:35.025+08:00  INFO 102560 --- [restart_live_backend] [http-nio-10000-exec-1] com.zaxxer.hikari.pool.HikariPool        : HikariPool-1 - Added connection org.postgresql.jdbc.PgConnection@43954212
2025-01-23T00:20:35.026+08:00  INFO 102560 --- [restart_live_backend] [http-nio-10000-exec-1] com.zaxxer.hikari.HikariDataSource       : HikariPool-1 - Start completed.
2025-01-23T00:20:37.731+08:00  INFO 102560 --- [restart_live_backend] [http-nio-10000-exec-3] o.c.live.interceptor.TokenInterceptor    : token: eyJhbGciOiJIUzI1NiJ9.eyJzdWIiOiJ0ZXN0IiwiaWF0IjoxNzM3NTYyODM3LCJleHAiOjE3Mzg4NTg4MzcsInBhc3N3b3JkIjoiYTk0YThmZTVjY2IxOWJhNjFjNGMwODczZDM5MWU5ODc5ODJmYmJkMyJ9.y8nB-2Q5AesZN2l3qCbdv8JU2A9FT6fLoDFquL3k_-M
2025-01-23T00:20:37.774+08:00  INFO 102560 --- [restart_live_backend] [http-nio-10000-exec-3] o.c.live.service.impl.UsersServiceImpl   : getUserConfig: Config{id=eeac354a-8083-461c-bab5-aadca1e8c250, uid=db4af791-2137-4b1c-8729-68b9ed4660d6, topBgImg='http://localhost:10000/static/top_img.png', topBgIcon='Avatar'}
2025-01-23T00:21:26.126+08:00  INFO 102560 --- [restart_live_backend] [SpringApplicationShutdownHook] o.s.b.w.e.tomcat.GracefulShutdown        : Commencing graceful shutdown. Waiting for active requests to complete
2025-01-23T00:21:26.135+08:00  INFO 102560 --- [restart_live_backend] [tomcat-shutdown] o.s.b.w.e.tomcat.GracefulShutdown        : Graceful shutdown complete
2025-01-23T00:21:26.138+08:00  INFO 102560 --- [restart_live_backend] [SpringApplicationShutdownHook] com.zaxxer.hikari.HikariDataSource       : HikariPool-1 - Shutdown initiated...
2025-01-23T00:21:26.139+08:00  INFO 102560 --- [restart_live_backend] [SpringApplicationShutdownHook] com.zaxxer.hikari.HikariDataSource       : HikariPool-1 - Shutdown completed.
